2024-04-19 22:08:27,275 - score - INFO - Score for emotion 'admiration': 0.32%
2024-04-19 22:09:43,519 - score - INFO - Score for emotion 'admiration': 0.32%
2024-04-19 22:10:15,801 - score - INFO - Score for emotion 'admiration': 0.32%
2024-04-19 22:12:07,158 - score - INFO - Score for emotion 'amusement': -0.04%
2024-04-19 22:12:26,205 - score - INFO - Score for emotion 'amusement': -0.04%
2024-04-19 22:12:48,913 - score - INFO - Score for emotion 'anger': 0.11%
2024-04-19 22:15:21,657 - score - INFO - Score for emotion 'admiration': -0.16%
2024-04-19 22:16:38,200 - score - INFO - Score for emotion 'amusement': -0.57%
2024-04-19 22:17:32,413 - score - INFO - Score for emotion 'anger': 1.50%
2024-04-19 22:18:15,584 - score - INFO - Score for emotion 'annoyance': 0.96%
2024-04-19 22:19:06,836 - score - INFO - Score for emotion 'approval': 60.28%
2024-04-22 00:16:40,723 - score - INFO - Score for emotion 'anger': 0.20%
2024-04-22 08:43:59,173 - score - INFO - Score for emotion 'amusement': 72.48%
2024-04-22 08:46:23,957 - score - INFO - Score for emotion 'amusement': 48.01%
2024-04-22 08:46:31,540 - score - INFO - Score for emotion 'amusement': -80.50%
2024-04-22 14:49:34,667 - score - INFO - Score for emotion 'admiration': 72.26%
2024-04-22 14:52:26,586 - score - INFO - Score for emotion 'admiration': 72.26%
2024-04-22 14:57:35,137 - score - INFO - Score for emotion 'amusement': 72.26%
2024-04-27 00:05:36,651 - score - INFO - Score for emotion '': 72.48%
2024-04-27 00:39:04,734 - score - INFO - Score for emotion '': 72.48%
2024-04-27 00:39:52,240 - score - INFO - Score for emotion '': 72.48%
2024-04-28 14:43:23,269 - score - INFO - Score for emotion '': 67.11%
2024-04-28 14:43:38,683 - score - INFO - Score for emotion '': 67.11%
2024-05-04 14:02:06,913 - score - INFO - Score for emotion '': 72.74%
2024-05-04 14:08:05,007 - score - INFO - Score for emotion '': 67.24%
2024-05-04 14:16:00,736 - score - INFO - Score for emotion '': 67.24%
2024-05-12 13:00:21,339 - score - INFO - Score for emotion '': 58.93%
2024-05-12 13:01:09,960 - score - INFO - Score for emotion '': 72.61%
2024-05-12 13:05:41,684 - score - INFO - Score for emotion '': 49.64%
2024-05-12 13:20:14,617 - score - INFO - Score for emotion '': 72.32%
2024-05-12 13:20:29,612 - score - INFO - Score for emotion '': 67.74%
2024-05-12 13:23:48,801 - score - INFO - Score for emotion '': 66.06%
2024-05-12 14:14:43,370 - score - INFO - Score for emotion '': 72.55%
2024-05-12 14:15:02,352 - score - INFO - Score for emotion '': 72.61%
2024-05-12 14:15:12,915 - score - INFO - Score for emotion '': 72.44%
2024-05-12 14:22:18,627 - score - INFO - Score for emotion '': 72.78%
2024-05-12 14:22:26,670 - score - INFO - Score for emotion '': 72.85%
2024-05-12 14:22:42,864 - score - INFO - Score for emotion '': 72.73%
2024-05-12 14:22:51,895 - score - INFO - Score for emotion '': 70.14%
2024-05-12 14:23:16,302 - score - INFO - Score for emotion '': 58.81%
2024-05-12 14:23:31,164 - score - INFO - Score for emotion '': 34.83%
